TN:
SF:src/App.js
FN:8,App
FNF:1
FNH:1
FNDA:1,App
DA:9,1
LF:1
LH:1
BRF:0
BRH:0
end_of_record
TN:
SF:src/index.js
FNF:0
FNH:0
DA:7,0
LF:1
LH:0
BRF:0
BRH:0
end_of_record
TN:
SF:src/api/api.js
FN:7,(anonymous_0)
FNF:1
FNH:1
FNDA:1,(anonymous_0)
DA:3,1
DA:7,1
DA:8,1
DA:9,0
LF:4
LH:3
BRF:0
BRH:0
end_of_record
TN:
SF:src/assets/GlobalStyles.jsx
FNF:0
FNH:0
DA:3,1
DA:10,1
DA:15,1
LF:3
LH:3
BRF:0
BRH:0
end_of_record
TN:
SF:src/components/header/Header.jsx
FN:12,Header
FNF:1
FNH:1
FNDA:1,Header
DA:13,1
LF:1
LH:1
BRF:0
BRH:0
end_of_record
TN:
SF:src/components/header/HeaderStyle.jsx
FNF:0
FNH:0
DA:3,1
LF:1
LH:1
BRF:0
BRH:0
end_of_record
TN:
SF:src/components/product/ProductsList.jsx
FN:8,ProductsList
FN:11,(anonymous_1)
FNF:2
FNH:1
FNDA:1,ProductsList
FNDA:0,(anonymous_1)
DA:9,1
DA:12,0
DA:22,1
LF:3
LH:2
BRF:0
BRH:0
end_of_record
TN:
SF:src/components/product/ProductsListStyle.jsx
FNF:0
FNH:0
DA:3,1
DA:13,1
LF:2
LH:2
BRF:0
BRH:0
end_of_record
TN:
SF:src/pages/Products.jsx
FN:7,Products
FN:10,(anonymous_1)
FNF:2
FNH:2
FNDA:1,Products
FNDA:1,(anonymous_1)
DA:8,1
DA:10,1
DA:11,1
DA:14,1
LF:4
LH:4
BRF:0
BRH:0
end_of_record
